[libra-translate] Visiting Op: llvm.mlir.global
[libra-translate] Visiting Op: llvm.func
[libra-translate] Visiting Op: func.func
[libra-translate] Visiting Op: func.func
[libra-translate] Visiting Op: func.func
[libra-translate] Visiting Op: arith.constant
[libra-translate] Visiting Op: arith.constant
[libra-translate] Visiting Op: arith.constant
[libra-translate] Visiting Op: llvm.mlir.addressof
[libra-translate] Visiting Op: arith.constant
[libra-translate] Visiting Op: memref.alloc
[libra-translate] Visiting Op: memref.alloc
[libra-translate] Visiting Op: affine.for
[libra-translate] Visiting Op: func.call
[libra-translate] Visiting Op: arith.sitofp
[libra-translate] Visiting Op: arith.divf
[libra-translate] Visiting Op: arith.mulf
[libra-translate] Visiting Op: arith.addf
[libra-translate] Visiting Op: affine.store
[libra-translate] Visiting Op: affine.for
[libra-translate] Visiting Op: func.call
[libra-translate] Visiting Op: arith.sitofp
[libra-translate] Visiting Op: arith.divf
[libra-translate] Visiting Op: arith.mulf
[libra-translate] Visiting Op: arith.addf
[libra-translate] Visiting Op: affine.store
[libra-translate] Visiting Op: sisd.encrypt
[libra-translate] Visiting Op: sisd.encrypt
[libra-translate] Visiting Op: sisd.add
[libra-translate] Visiting Op: sisd.decrypt
[libra-translate] Visiting Op: llvm.getelementptr
[libra-translate] Visiting Op: affine.for
[libra-translate] Visiting Op: affine.load
[libra-translate] Visiting Op: affine.load
[libra-translate] Visiting Op: affine.load
[libra-translate] Visiting Op: llvm.call
[libra-translate] Visiting Op: memref.dealloc
[libra-translate] Visiting Op: memref.dealloc
[libra-translate] Visiting Op: memref.dealloc
[libra-translate] Visiting Op: func.return
